Flow report for mips_ss_v2
Thu Apr 07 00:54:10 2016
Quartus Prime Version 15.1.0 Build 185 10/21/2015 SJ Lite Edition


---------------------
; Table of Contents ;
---------------------
  1. Legal Notice
  2. Flow Summary
  3. Flow Settings
  4. Flow Non-Default Global Settings
  5. Flow Elapsed Time
  6. Flow OS Summary
  7. Flow Log
  8. Flow Messages
  9. Flow Suppressed Messages



----------------
; Legal Notice ;
----------------
Copyright (C) 1991-2015 Altera Corporation. All rights reserved.
Your use of Altera Corporation's design tools, logic functions 
and other software and tools, and its AMPP partner logic 
functions, and any output files from any of the foregoing 
(including device programming or simulation files), and any 
associated documentation or information are expressly subject 
to the terms and conditions of the Altera Program License 
Subscription Agreement, the Altera Quartus Prime License Agreement,
the Altera MegaCore Function License Agreement, or other 
applicable license agreement, including, without limitation, 
that your use is for the sole purpose of programming logic 
devices manufactured by Altera and sold by Altera or its 
authorized distributors.  Please refer to the applicable 
agreement for further details.



+----------------------------------------------------------------------------------+
; Flow Summary                                                                     ;
+------------------------------------+---------------------------------------------+
; Flow Status                        ; Successful - Thu Apr 07 00:54:09 2016       ;
; Quartus Prime Version              ; 15.1.0 Build 185 10/21/2015 SJ Lite Edition ;
; Revision Name                      ; mips_ss_v2                                  ;
; Top-level Entity Name              ; mips_ss_v2                                  ;
; Family                             ; Cyclone IV E                                ;
; Device                             ; EP4CE22F17C6                                ;
; Timing Models                      ; Final                                       ;
; Total logic elements               ; 7,978 / 22,320 ( 36 % )                     ;
;     Total combinational functions  ; 6,779 / 22,320 ( 30 % )                     ;
;     Dedicated logic registers      ; 3,184 / 22,320 ( 14 % )                     ;
; Total registers                    ; 3184                                        ;
; Total pins                         ; 11 / 154 ( 7 % )                            ;
; Total virtual pins                 ; 0                                           ;
; Total memory bits                  ; 131,328 / 608,256 ( 22 % )                  ;
; Embedded Multiplier 9-bit elements ; 0 / 132 ( 0 % )                             ;
; Total PLLs                         ; 1 / 4 ( 25 % )                              ;
+------------------------------------+---------------------------------------------+


+-----------------------------------------+
; Flow Settings                           ;
+-------------------+---------------------+
; Option            ; Setting             ;
+-------------------+---------------------+
; Start date & time ; 04/07/2016 00:43:15 ;
; Main task         ; Compilation         ;
; Revision Name     ; mips_ss_v2          ;
+-------------------+---------------------+


+----------------------------------------------------------------------------------------------------------------------------+
; Flow Non-Default Global Settings                                                                                           ;
+-------------------------------------+---------------------------------------+---------------+-------------+----------------+
; Assignment Name                     ; Value                                 ; Default Value ; Entity Name ; Section Id     ;
+-------------------------------------+---------------------------------------+---------------+-------------+----------------+
; COMPILER_SIGNATURE_ID               ; 189924301661024.146000419502080       ; --            ; --          ; --             ;
; EDA_OUTPUT_DATA_FORMAT              ; Vhdl                                  ; --            ; --          ; eda_simulation ;
; EDA_SIMULATION_TOOL                 ; ModelSim-Altera (VHDL)                ; <None>        ; --          ; --             ;
; MAX_CORE_JUNCTION_TEMP              ; 85                                    ; --            ; --          ; --             ;
; MIN_CORE_JUNCTION_TEMP              ; 0                                     ; --            ; --          ; --             ;
; MISC_FILE                           ; lpm_compare0.bsf                      ; --            ; --          ; --             ;
; MISC_FILE                           ; lpm_compare0.cmp                      ; --            ; --          ; --             ;
; MISC_FILE                           ; im_ram.bsf                            ; --            ; --          ; --             ;
; MISC_FILE                           ; im_ram.cmp                            ; --            ; --          ; --             ;
; MISC_FILE                           ; altpll_1.bsf                          ; --            ; --          ; --             ;
; MISC_FILE                           ; altpll_1.cmp                          ; --            ; --          ; --             ;
; MISC_FILE                           ; altpll_1.ppf                          ; --            ; --          ; --             ;
; MISC_FILE                           ; strb_src.bsf                          ; --            ; --          ; --             ;
; MISC_FILE                           ; strb_src.cmp                          ; --            ; --          ; --             ;
; MISC_FILE                           ; dm_src.bsf                            ; --            ; --          ; --             ;
; MISC_FILE                           ; dm_src.cmp                            ; --            ; --          ; --             ;
; MISC_FILE                           ; signal_tap.bsf                        ; --            ; --          ; --             ;
; MISC_FILE                           ; signal_tap.cmp                        ; --            ; --          ; --             ;
; MISC_FILE                           ; rf_src.bsf                            ; --            ; --          ; --             ;
; MISC_FILE                           ; rf_src.cmp                            ; --            ; --          ; --             ;
; MISC_FILE                           ; lpm_add_stb.bsf                       ; --            ; --          ; --             ;
; MISC_FILE                           ; lpm_add_stb.cmp                       ; --            ; --          ; --             ;
; MISC_FILE                           ; pc_adder.bsf                          ; --            ; --          ; --             ;
; MISC_FILE                           ; pc_adder.cmp                          ; --            ; --          ; --             ;
; MISC_FILE                           ; lpm_counter0.bsf                      ; --            ; --          ; --             ;
; MISC_FILE                           ; lpm_counter0.cmp                      ; --            ; --          ; --             ;
; MISC_FILE                           ; lpm_add_sub0.bsf                      ; --            ; --          ; --             ;
; MISC_FILE                           ; lpm_add_sub0.cmp                      ; --            ; --          ; --             ;
; MISC_FILE                           ; dm_ram.bsf                            ; --            ; --          ; --             ;
; MISC_FILE                           ; dm_ram.cmp                            ; --            ; --          ; --             ;
; MISC_FILE                           ; lpm_add.bsf                           ; --            ; --          ; --             ;
; MISC_FILE                           ; lpm_add.cmp                           ; --            ; --          ; --             ;
; MISC_FILE                           ; lpm_clk_div_cntr.bsf                  ; --            ; --          ; --             ;
; MISC_FILE                           ; lpm_clk_div_cntr.cmp                  ; --            ; --          ; --             ;
; MISC_FILE                           ; ctrl_prob.bsf                         ; --            ; --          ; --             ;
; MISC_FILE                           ; ctrl_prob.cmp                         ; --            ; --          ; --             ;
; MISC_FILE                           ; lpm_clk_div_2.bsf                     ; --            ; --          ; --             ;
; MISC_FILE                           ; lpm_clk_div_2.cmp                     ; --            ; --          ; --             ;
; NOMINAL_CORE_SUPPLY_VOLTAGE         ; 1.2V                                  ; --            ; --          ; --             ;
; PARTITION_COLOR                     ; 16764057                              ; --            ; --          ; Top            ;
; PARTITION_FITTER_PRESERVATION_LEVEL ; PLACEMENT_AND_ROUTING                 ; --            ; --          ; Top            ;
; PARTITION_NETLIST_TYPE              ; SOURCE                                ; --            ; --          ; Top            ;
; POWER_BOARD_THERMAL_MODEL           ; None (CONSERVATIVE)                   ; --            ; --          ; --             ;
; POWER_PRESET_COOLING_SOLUTION       ; 23 MM HEAT SINK WITH 200 LFPM AIRFLOW ; --            ; --          ; --             ;
; PROJECT_OUTPUT_DIRECTORY            ; output_files                          ; --            ; --          ; --             ;
+-------------------------------------+---------------------------------------+---------------+-------------+----------------+


+-------------------------------------------------------------------------------------------------------------------------------+
; Flow Elapsed Time                                                                                                             ;
+---------------------------+--------------+-------------------------+---------------------+------------------------------------+
; Module Name               ; Elapsed Time ; Average Processors Used ; Peak Virtual Memory ; Total CPU Time (on all processors) ;
+---------------------------+--------------+-------------------------+---------------------+------------------------------------+
; Analysis & Synthesis      ; 00:03:27     ; 1.0                     ; 962 MB              ; 00:02:37                           ;
; Fitter                    ; 00:03:03     ; 1.0                     ; 1240 MB             ; 00:01:30                           ;
; Assembler                 ; 00:00:16     ; 1.0                     ; 738 MB              ; 00:00:11                           ;
; TimeQuest Timing Analyzer ; 00:01:03     ; 1.0                     ; 888 MB              ; 00:00:37                           ;
; EDA Netlist Writer        ; 00:00:44     ; 1.0                     ; 765 MB              ; 00:00:34                           ;
; Total                     ; 00:08:33     ; --                      ; --                  ; 00:05:29                           ;
+---------------------------+--------------+-------------------------+---------------------+------------------------------------+


+----------------------------------------------------------------------------------------+
; Flow OS Summary                                                                        ;
+---------------------------+------------------+-----------+------------+----------------+
; Module Name               ; Machine Hostname ; OS Name   ; OS Version ; Processor type ;
+---------------------------+------------------+-----------+------------+----------------+
; Analysis & Synthesis      ; yiqin-PC         ; Windows 7 ; 6.1        ; x86_64         ;
; Fitter                    ; yiqin-PC         ; Windows 7 ; 6.1        ; x86_64         ;
; Assembler                 ; yiqin-PC         ; Windows 7 ; 6.1        ; x86_64         ;
; TimeQuest Timing Analyzer ; yiqin-PC         ; Windows 7 ; 6.1        ; x86_64         ;
; EDA Netlist Writer        ; yiqin-PC         ; Windows 7 ; 6.1        ; x86_64         ;
+---------------------------+------------------+-----------+------------+----------------+


------------
; Flow Log ;
------------
quartus_map --read_settings_files=on --write_settings_files=off mips_ss_v2 -c mips_ss_v2
quartus_fit --read_settings_files=off --write_settings_files=off mips_ss_v2 -c mips_ss_v2
quartus_asm --read_settings_files=off --write_settings_files=off mips_ss_v2 -c mips_ss_v2
quartus_sta mips_ss_v2 -c mips_ss_v2
quartus_eda --read_settings_files=off --write_settings_files=off mips_ss_v2 -c mips_ss_v2



